<?xml version="1.0" encoding="UTF-8"?>
<testsuite xmlns:xsi="http://www.w3.org/2001/XMLSchema-instance" xsi:noNamespaceSchemaLocation="https://maven.apache.org/surefire/maven-surefire-plugin/xsd/surefire-test-report.xsd" version="3.0.2" name="com.example.kanpo.service.KampoSearchServiceTests" time="0.068" tests="2" errors="0" skipped="0" failures="0" flakes="0">
  <properties>
[...]
</properties>
  <testcase name="removesDuplicateResultsWhilePreservingOrder" classname="com.example.kanpo.service.KampoSearchServiceTests" time="0.052"/>
  <testcase name="searchesMultipleIdentificationCodes" classname="com.example.kanpo.service.KampoSearchServiceTests" time="0.005"/>
</testsuite>