<?xml version="1.0" encoding="UTF-8"?>
<testsuite xmlns:xsi="http://www.w3.org/2001/XMLSchema-instance" xsi:noNamespaceSchemaLocation="https://maven.apache.org/surefire/maven-surefire-plugin/xsd/surefire-test-report.xsd" version="3.0.2" name="com.example.kanpo.importer.PdfTextDumpTest" time="0.199" tests="1" errors="0" skipped="0" failures="0" flakes="0">
  <properties>
[...]
</properties>
  <testcase name="dumpText" classname="com.example.kanpo.importer.PdfTextDumpTest" time="0.19">
    <system-out><![CDATA[品 名 No.005 安中散 制作日 MC
2023.9.29 E
本コード 校 作業者印 AC
仮コード 0079A01242061 二校 中
村
色
調
スミ トラップ
（ ）
角度
u0vd1 APP.TB
3. 組成・性状
3.1 組成
販売名 ツムラ安中散エキス顆粒（医療用）
有効成分 本品7.5g中、下記の割合の混合生薬の乾燥エキス
1.5gを含有する。
日局ケイヒ    4.0g
日局エンゴサク  3.0g
日局ボレイ    3.0g
日局ウイキョウ  1.5g
日局カンゾウ  1.0g
日局シュクシャ  1.0g
日局リョウキョウ      0.5g
添加剤 日局ステアリン酸マグネシウム、日局乳糖水和物
3.2 製剤の性状
剤形 顆粒剤
色 淡褐色
におい 特異なにおい
味 わずかに苦い
識別コード ツムラ／5
4. 効能又は効果
やせ型で腹部筋肉が弛緩する傾向にあり、胃痛または腹痛があっ
て、ときに胸やけ、げっぷ、食欲不振、はきけなどを伴う次の諸
症：
神経性胃炎、慢性胃炎、胃アトニー
6. 用法及び用量
通常、成人1日7.5gを2～3回に分割し、食前又は食間に経口投与
する。なお、年齢、体重、症状により適宜増減する。
8. 重要な基本的注意
8.1 本剤の使用にあたっては、患者の証（体質・症状）を考慮して
投与すること。なお、経過を十分に観察し、症状・所見の改善が
認められない場合には、継続投与を避けること。
8.2 本剤にはカンゾウが含まれているので、血清カリウム値や血圧
値等に十分留意すること。［10.2、11.1.1、11.1.2 参照］
8.3 他の漢方製剤等を併用する場合は、含有生薬の重複に注意する
こと。
9. 特定の背景を有する患者に関する注意
9.5 妊婦
妊婦又は妊娠している可能性のある女性には、治療上の有益性が
危険性を上回ると判断される場合にのみ投与すること。
9.6 授乳婦
治療上の有益性及び母乳栄養の有益性を考慮し、授乳の継続又は
中止を検討すること。
9.7 小児等
小児等を対象とした臨床試験は実施していない。
9.8 高齢者
減量するなど注意すること。一般に生理機能が低下している。
10. 相互作用
10.2 併用注意（併用に注意すること）
薬剤名等 臨床症状・
措置方法
機序・
危険因子
カンゾウ含有製剤
芍薬甘草湯
補中益気湯
抑肝散　等
グリチルリチン酸及びその塩類を
含有する製剤
グリチルリチン酸一アンモニウ
ム・グリシン・L-システイン
グリチルリチン酸一アンモニウ
ム・グリシン・DL-メチオニン
配合錠　等
［8.2、11.1.1、11.1.2 参照］
偽アルドステ
ロン症があら
われやすくな
る。また、低
カリウム血症
の結果として、
ミオパチーが
あらわれやす
くなる。
グリチルリチ
ン酸は尿細管
でのカリウム
排泄促進作用
があるため、
血清カリウム
値の低下が促
進されること
が考えられる。
11. 副作用
次の副作用があらわれることがあるので、観察を十分に行い、異
常が認められた場合には投与を中止するなど適切な処置を行うこと。
11.1 重大な副作用
11.1.1 偽アルドステロン症（頻度不明）
低カリウム血症、血圧上昇、ナトリウム・体液の貯留、浮腫、体
重増加等の偽アルドステロン症があらわれることがあるので、観
察（血清カリウム値の測定等）を十分に行い、異常が認められた
場合には投与を中止し、カリウム剤の投与等の適切な処置を行う
こと。［8.2、10.2 参照］
11.1.2 ミオパチー（頻度不明）
低カリウム血症の結果としてミオパチーがあらわれることがある
ので、観察を十分に行い、脱力感、四肢痙攣・麻痺等の異常が認
められた場合には投与を中止し、カリウム剤の投与等の適切な処
置を行うこと。［8.2、10.2 参照］
11.2 その他の副作用
頻度不明
過敏症 発疹、発赤、瘙痒等
20. 取扱い上の注意
20.1 本剤の品質を保つため、できるだけ湿気を避け、直射日光の
当たらない涼しい所に保管すること。
20.2 開封後は特に湿気を避け、取扱いに注意すること。
20.3 本剤は生薬を原料としているので、色調等が異なることがある。
22. 包装
500g［ボトル］
2.5g×42包［分包］
2.5g×189包［分包］
24. 文献請求先及び問い合わせ先
株式会社ツムラ　お客様相談窓口
東京都港区赤坂2-17-11　〒107-8521
TEL：0120-329-970　FAX：03-5574-6610
26. 製造販売業者等
26.1 製造販売元
株式会社ツムラ
東京都港区赤坂2-17-11
2023年12月改訂（第 1版）
貯法： 室温保存
有効期間： 3年
漢方製剤
チュウアン サン
ツムラ安中散エキス顆粒（医療用）
日本標準商品分類番号
875200
承認番号 16100AMZ03289000
販売開始 1986年10月

]]></system-out>
  </testcase>
</testsuite>