<?xml version="1.0" encoding="UTF-8"?>
<testsuite xmlns:xsi="http://www.w3.org/2001/XMLSchema-instance" xsi:noNamespaceSchemaLocation="https://maven.apache.org/surefire/maven-surefire-plugin/xsd/surefire-test-report.xsd" version="3.0.2" name="com.example.kanpo.KanpoApplicationTests" time="10.338" tests="1" errors="0" skipped="0" failures="0" flakes="0">
  <properties>
[...]
</properties>
  <testcase name="contextLoads" classname="com.example.kanpo.KanpoApplicationTests" time="2.53">
    <system-out><![CDATA[00:35:58.652 [main] INFO org.springframework.test.context.support.AnnotationConfigContextLoaderUtils -- Could not detect default configuration classes for test class [com.example.kanpo.KanpoApplicationTests]: KanpoApplicationTests does not declare any static, non-private, non-final, nested classes annotated with @Configuration.
00:35:58.893 [main] INFO org.springframework.boot.test.context.SpringBootTestContextBootstrapper -- Found @SpringBootConfiguration com.example.kanpo.KanpoApplication for test class com.example.kanpo.KanpoApplicationTests
00:35:59.057 [main] INFO org.springframework.test.context.support.AnnotationConfigContextLoaderUtils -- Could not detect default configuration classes for test class [com.example.kanpo.KanpoApplicationTests]: KanpoApplicationTests does not declare any static, non-private, non-final, nested classes annotated with @Configuration.
00:35:59.062 [main] INFO org.springframework.boot.test.context.SpringBootTestContextBootstrapper -- Found @SpringBootConfiguration com.example.kanpo.KanpoApplication for test class com.example.kanpo.KanpoApplicationTests

  .   ____          _            __ _ _
 /\\ / ___'_ __ _ _(_)_ __  __ _ \ \ \ \
( ( )\___ | '_ | '_| | '_ \/ _` | \ \ \ \
 \\/  ___)| |_)| | | | | || (_| |  ) ) ) )
  '  |____| .__|_| |_|_| |_\__, | / / / /
 =========|_|==============|___/=/_/_/_/

 :: Spring Boot ::       (v4.0.8-SNAPSHOT)

2026-06-19T00:36:00.182+09:00  INFO 10932 --- [kanpo] [           main] c.example.kanpo.KanpoApplicationTests    : Starting KanpoApplicationTests using Java 21.0.11 with PID 10932 (started by h4miz in C:\Projects\kampo)
2026-06-19T00:36:00.189+09:00  INFO 10932 --- [kanpo] [           main] c.example.kanpo.KanpoApplicationTests    : No active profile set, falling back to 1 default profile: "default"
2026-06-19T00:36:02.050+09:00  WARN 10932 --- [kanpo] [           main] o.m.s.mapper.ClassPathMapperScanner      : No MyBatis mapper was found in '[com.example.kanpo]' package. Please check your configuration.
2026-06-19T00:36:06.249+09:00  INFO 10932 --- [kanpo] [           main] c.example.kanpo.KanpoApplicationTests    : Started KanpoApplicationTests in 7.086 seconds (process running for 11.431)
]]></system-out>
    <system-err><![CDATA[Mockito is currently self-attaching to enable the inline-mock-maker. This will no longer work in future releases of the JDK. Please add Mockito as an agent to your build as described in Mockito's documentation: https://javadoc.io/doc/org.mockito/mockito-core/latest/org.mockito/org/mockito/Mockito.html#0.3
WARNING: A Java agent has been loaded dynamically (C:\Users\h4miz\.m2\repository\net\bytebuddy\byte-buddy-agent\1.17.8\byte-buddy-agent-1.17.8.jar)
WARNING: If a serviceability tool is in use, please run with -XX:+EnableDynamicAgentLoading to hide this warning
WARNING: If a serviceability tool is not in use, please run with -Djdk.instrument.traceUsage for more information
WARNING: Dynamic loading of agents will be disallowed by default in a future release
]]></system-err>
  </testcase>
</testsuite>